<?xml version="1.0" encoding="UTF-8" ?>
<testsuite errors="3" failures="0" hostname="Matthews-MacBook-Pro-4.local" name="Project1.TestCity" skipped="0" tests="3" time="5.056" timestamp="2018-09-17T06:07:57">
  <properties>
[...]
</properties>
  <testcase classname="Project1.TestCity" name="initializationError" time="0.0">
    <error message="The class Project1.TestCity is not public." type="java.lang.Exception">java.lang.Exception: The class Project1.TestCity is not public.
	at java.lang.reflect.Constructor.newInstance(Constructor.java:423)
</error>
    <error message="Test class should have exactly one public constructor" type="java.lang.Exception">java.lang.Exception: Test class should have exactly one public constructor
	at java.lang.reflect.Constructor.newInstance(Constructor.java:423)
</error>
    <error message="No runnable methods" type="java.lang.Exception">java.lang.Exception: No runnable methods
	at java.lang.reflect.Constructor.newInstance(Constructor.java:423)
</error>
  </testcase>
  <system-out><![CDATA[]]></system-out>
  <system-err><![CDATA[]]></system-err>
</testsuite>
